<?xml version="1.0" encoding="UTF-8"?>
<!-- Generated by org.testng.reporters.JUnitXMLReporter -->
<testsuite ignored="2" hostname="IB-SEZ-LAP-967" failures="0" tests="3" name="Test_classA_B" time="0.134" errors="0" timestamp="2023-08-28T13:21:15 IST">
  <testcase classname="TestCase.Class_A" name="ThirdTest" time="0.023"/>
  <testcase classname="TestCase.Class_A" name="firstTest" time="0.005"/>
  <testcase classname="TestCase.Class_B" name="fourthTest" time="0.004"/>
  <testcase classname="TestCase.Class_A" name="SecondTest" time="0.0">
    <ignored/>
  </testcase> <!-- SecondTest -->
  <testcase classname="TestCase.Class_B" name="fifthTest" time="0.0">
    <ignored/>
  </testcase> <!-- fifthTest -->
</testsuite> <!-- Test_classA_B -->
