<?xml version="1.0" encoding="UTF-8"?>
<testng-results ignored="0" total="1" passed="1" failed="0" skipped="0">
  <reporter-output>
  </reporter-output>
  <suite started-at="2023-08-31T12:23:49 IST" name="Suite" finished-at="2023-08-31T12:24:04 IST" duration-ms="14092">
    <groups>
    </groups>
    <test started-at="2023-08-31T12:23:49 IST" name="Test" finished-at="2023-08-31T12:24:04 IST" duration-ms="14092">
      <class name="TestCase.ExploreTestFramework">
        <test-method is-config="true" signature="setup(java.lang.String)[pri:0, instance:TestCase.ExploreTestFramework@4dbad37]" started-at="2023-08-31T12:23:50 IST" name="setup" finished-at="2023-08-31T12:23:55 IST" duration-ms="5821" status="PASS">
          <params>
            <param index="0">
              <value>
                <![CDATA[chrome]]>
              </value>
            </param>
          </params>
          <reporter-output>
          </reporter-output>
        </test-method> <!-- setup -->
        <test-method signature="exploretest()[pri:0, instance:TestCase.ExploreTestFramework@4dbad37]" started-at="2023-08-31T12:23:55 IST" name="exploretest" finished-at="2023-08-31T12:24:03 IST" duration-ms="7244" status="PASS">
          <reporter-output>
          </reporter-output>
        </test-method> <!-- exploretest -->
        <test-method is-config="true" signature="teardown()[pri:0, instance:TestCase.ExploreTestFramework@4dbad37]" started-at="2023-08-31T12:24:03 IST" name="teardown" finished-at="2023-08-31T12:24:04 IST" duration-ms="606" status="PASS">
          <reporter-output>
          </reporter-output>
        </test-method> <!-- teardown -->
      </class> <!-- TestCase.ExploreTestFramework -->
    </test> <!-- Test -->
  </suite> <!-- Suite -->
</testng-results>
