<?xml version="1.0" encoding="UTF-8"?>
<testng-results ignored="0" total="1" passed="1" failed="0" skipped="0">
  <reporter-output>
  </reporter-output>
  <suite started-at="2023-08-25T16:58:07 IST" name="Default suite" finished-at="2023-08-25T16:58:23 IST" duration-ms="15935">
    <groups>
    </groups>
    <test started-at="2023-08-25T16:58:07 IST" name="Default test" finished-at="2023-08-25T16:58:23 IST" duration-ms="15935">
      <class name="TestCase.TC_ValidateSearchBar_001">
        <test-method is-config="true" signature="setup()[pri:0, instance:TestCase.TC_ValidateSearchBar_001@15bb5034]" started-at="2023-08-25T16:58:07 IST" name="setup" finished-at="2023-08-25T16:58:10 IST" duration-ms="3578" status="PASS">
          <reporter-output>
          </reporter-output>
        </test-method> <!-- setup -->
        <test-method signature="ValidateSearchBar()[pri:0, instance:TestCase.TC_ValidateSearchBar_001@15bb5034]" started-at="2023-08-25T16:58:10 IST" name="ValidateSearchBar" finished-at="2023-08-25T16:58:22 IST" duration-ms="11208" status="PASS">
          <reporter-output>
          </reporter-output>
        </test-method> <!-- ValidateSearchBar -->
        <test-method is-config="true" signature="teardown()[pri:0, instance:TestCase.TC_ValidateSearchBar_001@15bb5034]" started-at="2023-08-25T16:58:22 IST" name="teardown" finished-at="2023-08-25T16:58:23 IST" duration-ms="1081" status="PASS">
          <reporter-output>
          </reporter-output>
        </test-method> <!-- teardown -->
      </class> <!-- TestCase.TC_ValidateSearchBar_001 -->
    </test> <!-- Default test -->
  </suite> <!-- Default suite -->
</testng-results>
